2019-05-21 17:21:14.421 [main] INFO  o.s.c.a.AnnotationConfigApplicationContext
                -Refreshing org.springframework.context.annotation.AnnotationConfigApplicationContext@52102734: startup date [Tue May 21 17:21:14 CST 2019]; root of context hierarchy
2019-05-21 17:21:14.581 [main] INFO  o.s.b.f.a.AutowiredAnnotationBeanPostProcessor
                -JSR-330 'javax.inject.Inject' annotation found and supported for autowiring
2019-05-21 17:21:14.601 [main] INFO  o.s.c.s.PostProcessorRegistrationDelegate$BeanPostProcessorChecker
                -Bean 'configurationPropertiesRebinderAutoConfiguration' of type [class org.springframework.cloud.autoconfigure.ConfigurationPropertiesRebinderAutoConfiguration$$EnhancerBySpringCGLIB$$cc7f7ba2] is not eligible for getting processed by all BeanPostProcessors (for example: not eligible for auto-proxying)
2019-05-21 17:24:37.532 [main] INFO  o.s.c.a.AnnotationConfigApplicationContext
                -Refreshing org.springframework.context.annotation.AnnotationConfigApplicationContext@52102734: startup date [Tue May 21 17:24:37 CST 2019]; root of context hierarchy
2019-05-21 17:24:37.692 [main] INFO  o.s.b.f.a.AutowiredAnnotationBeanPostProcessor
                -JSR-330 'javax.inject.Inject' annotation found and supported for autowiring
2019-05-21 17:24:37.711 [main] INFO  o.s.c.s.PostProcessorRegistrationDelegate$BeanPostProcessorChecker
                -Bean 'configurationPropertiesRebinderAutoConfiguration' of type [class org.springframework.cloud.autoconfigure.ConfigurationPropertiesRebinderAutoConfiguration$$EnhancerBySpringCGLIB$$efee03d3] is not eligible for getting processed by all BeanPostProcessors (for example: not eligible for auto-proxying)
2019-05-21 17:24:51.592 [main] INFO  o.s.c.a.AnnotationConfigApplicationContext
                -Refreshing org.springframework.context.annotation.AnnotationConfigApplicationContext@52102734: startup date [Tue May 21 17:24:51 CST 2019]; root of context hierarchy
2019-05-21 17:24:51.739 [main] INFO  o.s.b.f.a.AutowiredAnnotationBeanPostProcessor
                -JSR-330 'javax.inject.Inject' annotation found and supported for autowiring
2019-05-21 17:24:51.756 [main] INFO  o.s.c.s.PostProcessorRegistrationDelegate$BeanPostProcessorChecker
                -Bean 'configurationPropertiesRebinderAutoConfiguration' of type [class org.springframework.cloud.autoconfigure.ConfigurationPropertiesRebinderAutoConfiguration$$EnhancerBySpringCGLIB$$efee03d3] is not eligible for getting processed by all BeanPostProcessors (for example: not eligible for auto-proxying)
2019-05-21 17:25:04.133 [main] INFO  o.s.c.a.AnnotationConfigApplicationContext
                -Refreshing org.springframework.context.annotation.AnnotationConfigApplicationContext@19d481b: startup date [Tue May 21 17:25:04 CST 2019]; root of context hierarchy
2019-05-21 17:25:04.292 [main] INFO  o.s.b.f.a.AutowiredAnnotationBeanPostProcessor
                -JSR-330 'javax.inject.Inject' annotation found and supported for autowiring
2019-05-21 17:25:04.313 [main] INFO  o.s.c.s.PostProcessorRegistrationDelegate$BeanPostProcessorChecker
                -Bean 'configurationPropertiesRebinderAutoConfiguration' of type [class org.springframework.cloud.autoconfigure.ConfigurationPropertiesRebinderAutoConfiguration$$EnhancerBySpringCGLIB$$ce81d6ad] is not eligible for getting processed by all BeanPostProcessors (for example: not eligible for auto-proxying)
2019-05-21 17:25:18.818 [main] INFO  o.s.c.a.AnnotationConfigApplicationContext
                -Refreshing org.springframework.context.annotation.AnnotationConfigApplicationContext@482bce4f: startup date [Tue May 21 17:25:18 CST 2019]; root of context hierarchy
2019-05-21 17:25:18.966 [main] INFO  o.s.b.f.a.AutowiredAnnotationBeanPostProcessor
                -JSR-330 'javax.inject.Inject' annotation found and supported for autowiring
2019-05-21 17:25:18.985 [main] INFO  o.s.c.s.PostProcessorRegistrationDelegate$BeanPostProcessorChecker
                -Bean 'configurationPropertiesRebinderAutoConfiguration' of type [class org.springframework.cloud.autoconfigure.ConfigurationPropertiesRebinderAutoConfiguration$$EnhancerBySpringCGLIB$$1f38eb76] is not eligible for getting processed by all BeanPostProcessors (for example: not eligible for auto-proxying)
2019-05-21 17:25:30.982 [main] INFO  o.s.c.a.AnnotationConfigApplicationContext
                -Refreshing org.springframework.context.annotation.AnnotationConfigApplicationContext@52102734: startup date [Tue May 21 17:25:30 CST 2019]; root of context hierarchy
2019-05-21 17:25:31.143 [main] INFO  o.s.b.f.a.AutowiredAnnotationBeanPostProcessor
                -JSR-330 'javax.inject.Inject' annotation found and supported for autowiring
2019-05-21 17:25:31.163 [main] INFO  o.s.c.s.PostProcessorRegistrationDelegate$BeanPostProcessorChecker
                -Bean 'configurationPropertiesRebinderAutoConfiguration' of type [class org.springframework.cloud.autoconfigure.ConfigurationPropertiesRebinderAutoConfiguration$$EnhancerBySpringCGLIB$$efee03d3] is not eligible for getting processed by all BeanPostProcessors (for example: not eligible for auto-proxying)
2019-05-21 17:25:42.154 [main] INFO  o.s.c.a.AnnotationConfigApplicationContext
                -Refreshing org.springframework.context.annotation.AnnotationConfigApplicationContext@52102734: startup date [Tue May 21 17:25:42 CST 2019]; root of context hierarchy
2019-05-21 17:25:42.316 [main] INFO  o.s.b.f.a.AutowiredAnnotationBeanPostProcessor
                -JSR-330 'javax.inject.Inject' annotation found and supported for autowiring
2019-05-21 17:25:42.338 [main] INFO  o.s.c.s.PostProcessorRegistrationDelegate$BeanPostProcessorChecker
                -Bean 'configurationPropertiesRebinderAutoConfiguration' of type [class org.springframework.cloud.autoconfigure.ConfigurationPropertiesRebinderAutoConfiguration$$EnhancerBySpringCGLIB$$efee03d3] is not eligible for getting processed by all BeanPostProcessors (for example: not eligible for auto-proxying)
2019-05-21 17:25:54.318 [main] INFO  o.s.c.a.AnnotationConfigApplicationContext
                -Refreshing org.springframework.context.annotation.AnnotationConfigApplicationContext@52102734: startup date [Tue May 21 17:25:54 CST 2019]; root of context hierarchy
2019-05-21 17:25:54.478 [main] INFO  o.s.b.f.a.AutowiredAnnotationBeanPostProcessor
                -JSR-330 'javax.inject.Inject' annotation found and supported for autowiring
2019-05-21 17:25:54.502 [main] INFO  o.s.c.s.PostProcessorRegistrationDelegate$BeanPostProcessorChecker
                -Bean 'configurationPropertiesRebinderAutoConfiguration' of type [class org.springframework.cloud.autoconfigure.ConfigurationPropertiesRebinderAutoConfiguration$$EnhancerBySpringCGLIB$$efee03d3] is not eligible for getting processed by all BeanPostProcessors (for example: not eligible for auto-proxying)
2019-05-21 17:26:06.494 [main] INFO  o.s.c.a.AnnotationConfigApplicationContext
                -Refreshing org.springframework.context.annotation.AnnotationConfigApplicationContext@3541cb24: startup date [Tue May 21 17:26:06 CST 2019]; root of context hierarchy
2019-05-21 17:26:06.635 [main] INFO  o.s.b.f.a.AutowiredAnnotationBeanPostProcessor
                -JSR-330 'javax.inject.Inject' annotation found and supported for autowiring
2019-05-21 17:26:06.654 [main] INFO  o.s.c.s.PostProcessorRegistrationDelegate$BeanPostProcessorChecker
                -Bean 'configurationPropertiesRebinderAutoConfiguration' of type [class org.springframework.cloud.autoconfigure.ConfigurationPropertiesRebinderAutoConfiguration$$EnhancerBySpringCGLIB$$de476e55] is not eligible for getting processed by all BeanPostProcessors (for example: not eligible for auto-proxying)
2019-05-21 18:28:04.920 [main] INFO  o.s.c.a.AnnotationConfigApplicationContext
                -Refreshing org.springframework.context.annotation.AnnotationConfigApplicationContext@683dbc2c: startup date [Tue May 21 18:28:04 CST 2019]; root of context hierarchy
2019-05-21 18:28:05.221 [main] INFO  o.s.b.f.a.AutowiredAnnotationBeanPostProcessor
                -JSR-330 'javax.inject.Inject' annotation found and supported for autowiring
2019-05-21 18:28:05.314 [main] INFO  o.s.c.s.PostProcessorRegistrationDelegate$BeanPostProcessorChecker
                -Bean 'configurationPropertiesRebinderAutoConfiguration' of type [class org.springframework.cloud.autoconfigure.ConfigurationPropertiesRebinderAutoConfiguration$$EnhancerBySpringCGLIB$$6297202d] is not eligible for getting processed by all BeanPostProcessors (for example: not eligible for auto-proxying)
2019-05-21 18:30:56.472 [main] INFO  o.s.c.a.AnnotationConfigApplicationContext
                -Refreshing org.springframework.context.annotation.AnnotationConfigApplicationContext@6e509ffa: startup date [Tue May 21 18:30:56 CST 2019]; root of context hierarchy
2019-05-21 18:30:57.101 [main] INFO  o.s.b.f.a.AutowiredAnnotationBeanPostProcessor
                -JSR-330 'javax.inject.Inject' annotation found and supported for autowiring
2019-05-21 18:30:57.159 [main] INFO  o.s.c.s.PostProcessorRegistrationDelegate$BeanPostProcessorChecker
                -Bean 'configurationPropertiesRebinderAutoConfiguration' of type [class org.springframework.cloud.autoconfigure.ConfigurationPropertiesRebinderAutoConfiguration$$EnhancerBySpringCGLIB$$c9884dde] is not eligible for getting processed by all BeanPostProcessors (for example: not eligible for auto-proxying)
2019-05-21 18:32:15.508 [main] INFO  o.s.c.a.AnnotationConfigApplicationContext
                -Refreshing org.springframework.context.annotation.AnnotationConfigApplicationContext@2898ac89: startup date [Tue May 21 18:32:15 CST 2019]; root of context hierarchy
2019-05-21 18:32:15.737 [main] INFO  o.s.b.f.a.AutowiredAnnotationBeanPostProcessor
                -JSR-330 'javax.inject.Inject' annotation found and supported for autowiring
2019-05-21 18:32:15.764 [main] INFO  o.s.c.s.PostProcessorRegistrationDelegate$BeanPostProcessorChecker
                -Bean 'configurationPropertiesRebinderAutoConfiguration' of type [class org.springframework.cloud.autoconfigure.ConfigurationPropertiesRebinderAutoConfiguration$$EnhancerBySpringCGLIB$$44ffb7b7] is not eligible for getting processed by all BeanPostProcessors (for example: not eligible for auto-proxying)
2019-05-21 18:35:30.961 [main] INFO  o.s.c.a.AnnotationConfigApplicationContext
                -Refreshing org.springframework.context.annotation.AnnotationConfigApplicationContext@6e509ffa: startup date [Tue May 21 18:35:30 CST 2019]; root of context hierarchy
2019-05-21 18:35:32.034 [main] INFO  o.s.b.f.a.AutowiredAnnotationBeanPostProcessor
                -JSR-330 'javax.inject.Inject' annotation found and supported for autowiring
2019-05-21 18:35:32.071 [main] INFO  o.s.c.s.PostProcessorRegistrationDelegate$BeanPostProcessorChecker
                -Bean 'configurationPropertiesRebinderAutoConfiguration' of type [class org.springframework.cloud.autoconfigure.ConfigurationPropertiesRebinderAutoConfiguration$$EnhancerBySpringCGLIB$$c9884dde] is not eligible for getting processed by all BeanPostProcessors (for example: not eligible for auto-proxying)
2019-05-21 18:37:37.352 [main] INFO  o.s.c.a.AnnotationConfigApplicationContext
                -Refreshing org.springframework.context.annotation.AnnotationConfigApplicationContext@6e509ffa: startup date [Tue May 21 18:37:37 CST 2019]; root of context hierarchy
2019-05-21 18:37:37.874 [main] INFO  o.s.b.f.a.AutowiredAnnotationBeanPostProcessor
                -JSR-330 'javax.inject.Inject' annotation found and supported for autowiring
2019-05-21 18:37:37.917 [main] INFO  o.s.c.s.PostProcessorRegistrationDelegate$BeanPostProcessorChecker
                -Bean 'configurationPropertiesRebinderAutoConfiguration' of type [class org.springframework.cloud.autoconfigure.ConfigurationPropertiesRebinderAutoConfiguration$$EnhancerBySpringCGLIB$$c9884dde] is not eligible for getting processed by all BeanPostProcessors (for example: not eligible for auto-proxying)
2019-05-21 18:39:54.937 [main] INFO  o.s.c.a.AnnotationConfigApplicationContext
                -Refreshing org.springframework.context.annotation.AnnotationConfigApplicationContext@6e509ffa: startup date [Tue May 21 18:39:54 CST 2019]; root of context hierarchy
2019-05-21 18:39:55.256 [main] INFO  o.s.b.f.a.AutowiredAnnotationBeanPostProcessor
                -JSR-330 'javax.inject.Inject' annotation found and supported for autowiring
2019-05-21 18:39:55.295 [main] INFO  o.s.c.s.PostProcessorRegistrationDelegate$BeanPostProcessorChecker
                -Bean 'configurationPropertiesRebinderAutoConfiguration' of type [class org.springframework.cloud.autoconfigure.ConfigurationPropertiesRebinderAutoConfiguration$$EnhancerBySpringCGLIB$$c9884dde] is not eligible for getting processed by all BeanPostProcessors (for example: not eligible for auto-proxying)
2019-05-21 18:46:46.757 [main] INFO  o.s.c.a.AnnotationConfigApplicationContext
                -Refreshing org.springframework.context.annotation.AnnotationConfigApplicationContext@6e509ffa: startup date [Tue May 21 18:46:46 CST 2019]; root of context hierarchy
2019-05-21 18:46:47.248 [main] INFO  o.s.b.f.a.AutowiredAnnotationBeanPostProcessor
                -JSR-330 'javax.inject.Inject' annotation found and supported for autowiring
2019-05-21 18:46:47.288 [main] INFO  o.s.c.s.PostProcessorRegistrationDelegate$BeanPostProcessorChecker
                -Bean 'configurationPropertiesRebinderAutoConfiguration' of type [class org.springframework.cloud.autoconfigure.ConfigurationPropertiesRebinderAutoConfiguration$$EnhancerBySpringCGLIB$$c9884dde] is not eligible for getting processed by all BeanPostProcessors (for example: not eligible for auto-proxying)
2019-05-21 18:47:08.351 [main] INFO  o.s.c.a.AnnotationConfigApplicationContext
                -Refreshing org.springframework.context.annotation.AnnotationConfigApplicationContext@7c1e2a2d: startup date [Tue May 21 18:47:08 CST 2019]; root of context hierarchy
2019-05-21 18:47:08.756 [main] INFO  o.s.b.f.a.AutowiredAnnotationBeanPostProcessor
                -JSR-330 'javax.inject.Inject' annotation found and supported for autowiring
2019-05-21 18:47:08.798 [main] INFO  o.s.c.s.PostProcessorRegistrationDelegate$BeanPostProcessorChecker
                -Bean 'configurationPropertiesRebinderAutoConfiguration' of type [class org.springframework.cloud.autoconfigure.ConfigurationPropertiesRebinderAutoConfiguration$$EnhancerBySpringCGLIB$$92d91444] is not eligible for getting processed by all BeanPostProcessors (for example: not eligible for auto-proxying)
2019-05-21 18:52:39.245 [main] INFO  o.s.c.a.AnnotationConfigApplicationContext
                -Refreshing org.springframework.context.annotation.AnnotationConfigApplicationContext@62727399: startup date [Tue May 21 18:52:39 CST 2019]; root of context hierarchy
2019-05-21 18:52:39.749 [main] INFO  o.s.b.f.a.AutowiredAnnotationBeanPostProcessor
                -JSR-330 'javax.inject.Inject' annotation found and supported for autowiring
2019-05-21 18:52:39.790 [main] INFO  o.s.c.s.PostProcessorRegistrationDelegate$BeanPostProcessorChecker
                -Bean 'configurationPropertiesRebinderAutoConfiguration' of type [class org.springframework.cloud.autoconfigure.ConfigurationPropertiesRebinderAutoConfiguration$$EnhancerBySpringCGLIB$$9a485740] is not eligible for getting processed by all BeanPostProcessors (for example: not eligible for auto-proxying)
2019-05-21 18:53:16.486 [main] INFO  o.s.c.a.AnnotationConfigApplicationContext
                -Refreshing org.springframework.context.annotation.AnnotationConfigApplicationContext@62e20a76: startup date [Tue May 21 18:53:16 CST 2019]; root of context hierarchy
2019-05-21 18:53:16.801 [main] INFO  o.s.b.f.a.AutowiredAnnotationBeanPostProcessor
                -JSR-330 'javax.inject.Inject' annotation found and supported for autowiring
2019-05-21 18:53:16.853 [main] INFO  o.s.c.s.PostProcessorRegistrationDelegate$BeanPostProcessorChecker
                -Bean 'configurationPropertiesRebinderAutoConfiguration' of type [class org.springframework.cloud.autoconfigure.ConfigurationPropertiesRebinderAutoConfiguration$$EnhancerBySpringCGLIB$$4e4c0a74] is not eligible for getting processed by all BeanPostProcessors (for example: not eligible for auto-proxying)
2019-05-21 18:54:52.724 [main] INFO  o.s.c.a.AnnotationConfigApplicationContext
                -Refreshing org.springframework.context.annotation.AnnotationConfigApplicationContext@3cc41abc: startup date [Tue May 21 18:54:52 CST 2019]; root of context hierarchy
2019-05-21 18:54:53.199 [main] INFO  o.s.b.f.a.AutowiredAnnotationBeanPostProcessor
                -JSR-330 'javax.inject.Inject' annotation found and supported for autowiring
2019-05-21 18:54:53.366 [main] INFO  o.s.c.s.PostProcessorRegistrationDelegate$BeanPostProcessorChecker
                -Bean 'configurationPropertiesRebinderAutoConfiguration' of type [class org.springframework.cloud.autoconfigure.ConfigurationPropertiesRebinderAutoConfiguration$$EnhancerBySpringCGLIB$$dc2ec456] is not eligible for getting processed by all BeanPostProcessors (for example: not eligible for auto-proxying)
2019-05-21 18:55:44.796 [main] INFO  o.s.c.a.AnnotationConfigApplicationContext
                -Refreshing org.springframework.context.annotation.AnnotationConfigApplicationContext@7e276594: startup date [Tue May 21 18:55:44 CST 2019]; root of context hierarchy
2019-05-21 18:55:45.445 [main] INFO  o.s.b.f.a.AutowiredAnnotationBeanPostProcessor
                -JSR-330 'javax.inject.Inject' annotation found and supported for autowiring
2019-05-21 18:55:45.533 [main] INFO  o.s.c.s.PostProcessorRegistrationDelegate$BeanPostProcessorChecker
                -Bean 'configurationPropertiesRebinderAutoConfiguration' of type [class org.springframework.cloud.autoconfigure.ConfigurationPropertiesRebinderAutoConfiguration$$EnhancerBySpringCGLIB$$281ce050] is not eligible for getting processed by all BeanPostProcessors (for example: not eligible for auto-proxying)
2019-05-21 18:56:20.432 [main] INFO  o.s.c.a.AnnotationConfigApplicationContext
                -Refreshing org.springframework.context.annotation.AnnotationConfigApplicationContext@59d2400d: startup date [Tue May 21 18:56:20 CST 2019]; root of context hierarchy
2019-05-21 18:56:20.829 [main] INFO  o.s.b.f.a.AutowiredAnnotationBeanPostProcessor
                -JSR-330 'javax.inject.Inject' annotation found and supported for autowiring
2019-05-21 18:56:20.877 [main] INFO  o.s.c.s.PostProcessorRegistrationDelegate$BeanPostProcessorChecker
                -Bean 'configurationPropertiesRebinderAutoConfiguration' of type [class org.springframework.cloud.autoconfigure.ConfigurationPropertiesRebinderAutoConfiguration$$EnhancerBySpringCGLIB$$330d5bb5] is not eligible for getting processed by all BeanPostProcessors (for example: not eligible for auto-proxying)
2019-05-21 18:57:02.835 [main] INFO  o.s.c.a.AnnotationConfigApplicationContext
                -Refreshing org.springframework.context.annotation.AnnotationConfigApplicationContext@25a6944c: startup date [Tue May 21 18:57:02 CST 2019]; root of context hierarchy
2019-05-21 18:57:03.260 [main] INFO  o.s.b.f.a.AutowiredAnnotationBeanPostProcessor
                -JSR-330 'javax.inject.Inject' annotation found and supported for autowiring
2019-05-21 18:57:03.314 [main] INFO  o.s.c.s.PostProcessorRegistrationDelegate$BeanPostProcessorChecker
                -Bean 'configurationPropertiesRebinderAutoConfiguration' of type [class org.springframework.cloud.autoconfigure.ConfigurationPropertiesRebinderAutoConfiguration$$EnhancerBySpringCGLIB$$f67b8cf6] is not eligible for getting processed by all BeanPostProcessors (for example: not eligible for auto-proxying)
2019-05-21 18:58:06.259 [main] INFO  o.s.c.a.AnnotationConfigApplicationContext
                -Refreshing org.springframework.context.annotation.AnnotationConfigApplicationContext@3cc41abc: startup date [Tue May 21 18:58:06 CST 2019]; root of context hierarchy
2019-05-21 18:58:06.652 [main] INFO  o.s.b.f.a.AutowiredAnnotationBeanPostProcessor
                -JSR-330 'javax.inject.Inject' annotation found and supported for autowiring
2019-05-21 18:58:06.700 [main] INFO  o.s.c.s.PostProcessorRegistrationDelegate$BeanPostProcessorChecker
                -Bean 'configurationPropertiesRebinderAutoConfiguration' of type [class org.springframework.cloud.autoconfigure.ConfigurationPropertiesRebinderAutoConfiguration$$EnhancerBySpringCGLIB$$464e8846] is not eligible for getting processed by all BeanPostProcessors (for example: not eligible for auto-proxying)
2019-05-21 18:58:41.649 [main] INFO  o.s.c.a.AnnotationConfigApplicationContext
                -Refreshing org.springframework.context.annotation.AnnotationConfigApplicationContext@c2db68f: startup date [Tue May 21 18:58:41 CST 2019]; root of context hierarchy
2019-05-21 18:58:42.523 [main] INFO  o.s.b.f.a.AutowiredAnnotationBeanPostProcessor
                -JSR-330 'javax.inject.Inject' annotation found and supported for autowiring
2019-05-21 18:58:42.601 [main] INFO  o.s.c.s.PostProcessorRegistrationDelegate$BeanPostProcessorChecker
                -Bean 'configurationPropertiesRebinderAutoConfiguration' of type [class org.springframework.cloud.autoconfigure.ConfigurationPropertiesRebinderAutoConfiguration$$EnhancerBySpringCGLIB$$edd5a558] is not eligible for getting processed by all BeanPostProcessors (for example: not eligible for auto-proxying)
2019-05-21 19:00:37.618 [main] INFO  o.s.c.a.AnnotationConfigApplicationContext
                -Refreshing org.springframework.context.annotation.AnnotationConfigApplicationContext@50ecde95: startup date [Tue May 21 19:00:37 CST 2019]; root of context hierarchy
2019-05-21 19:00:38.126 [main] INFO  o.s.b.f.a.AutowiredAnnotationBeanPostProcessor
                -JSR-330 'javax.inject.Inject' annotation found and supported for autowiring
2019-05-21 19:00:38.181 [main] INFO  o.s.c.s.PostProcessorRegistrationDelegate$BeanPostProcessorChecker
                -Bean 'configurationPropertiesRebinderAutoConfiguration' of type [class org.springframework.cloud.autoconfigure.ConfigurationPropertiesRebinderAutoConfiguration$$EnhancerBySpringCGLIB$$8cad876f] is not eligible for getting processed by all BeanPostProcessors (for example: not eligible for auto-proxying)
2019-05-21 19:01:03.564 [main] INFO  o.s.c.a.AnnotationConfigApplicationContext
                -Refreshing org.springframework.context.annotation.AnnotationConfigApplicationContext@45815ffc: startup date [Tue May 21 19:01:03 CST 2019]; root of context hierarchy
2019-05-21 19:01:03.895 [main] INFO  o.s.b.f.a.AutowiredAnnotationBeanPostProcessor
                -JSR-330 'javax.inject.Inject' annotation found and supported for autowiring
2019-05-21 19:01:03.935 [main] INFO  o.s.c.s.PostProcessorRegistrationDelegate$BeanPostProcessorChecker
                -Bean 'configurationPropertiesRebinderAutoConfiguration' of type [class org.springframework.cloud.autoconfigure.ConfigurationPropertiesRebinderAutoConfiguration$$EnhancerBySpringCGLIB$$5c7f4913] is not eligible for getting processed by all BeanPostProcessors (for example: not eligible for auto-proxying)
2019-05-21 19:08:48.155 [main] INFO  o.s.c.a.AnnotationConfigApplicationContext
                -Refreshing org.springframework.context.annotation.AnnotationConfigApplicationContext@3cc41abc: startup date [Tue May 21 19:08:48 CST 2019]; root of context hierarchy
2019-05-21 19:08:48.582 [main] INFO  o.s.b.f.a.AutowiredAnnotationBeanPostProcessor
                -JSR-330 'javax.inject.Inject' annotation found and supported for autowiring
2019-05-21 19:08:48.662 [main] INFO  o.s.c.s.PostProcessorRegistrationDelegate$BeanPostProcessorChecker
                -Bean 'configurationPropertiesRebinderAutoConfiguration' of type [class org.springframework.cloud.autoconfigure.ConfigurationPropertiesRebinderAutoConfiguration$$EnhancerBySpringCGLIB$$931ddb01] is not eligible for getting processed by all BeanPostProcessors (for example: not eligible for auto-proxying)
2019-05-21 19:09:07.378 [main] INFO  o.s.c.a.AnnotationConfigApplicationContext
                -Refreshing org.springframework.context.annotation.AnnotationConfigApplicationContext@c2db68f: startup date [Tue May 21 19:09:07 CST 2019]; root of context hierarchy
2019-05-21 19:09:07.861 [main] INFO  o.s.b.f.a.AutowiredAnnotationBeanPostProcessor
                -JSR-330 'javax.inject.Inject' annotation found and supported for autowiring
2019-05-21 19:09:07.939 [main] INFO  o.s.c.s.PostProcessorRegistrationDelegate$BeanPostProcessorChecker
                -Bean 'configurationPropertiesRebinderAutoConfiguration' of type [class org.springframework.cloud.autoconfigure.ConfigurationPropertiesRebinderAutoConfiguration$$EnhancerBySpringCGLIB$$92d91444] is not eligible for getting processed by all BeanPostProcessors (for example: not eligible for auto-proxying)
2019-05-21 19:24:15.054 [main] INFO  o.s.c.a.AnnotationConfigApplicationContext
                -Refreshing org.springframework.context.annotation.AnnotationConfigApplicationContext@5b202a3a: startup date [Tue May 21 19:24:15 CST 2019]; root of context hierarchy
2019-05-21 19:24:15.438 [main] INFO  o.s.b.f.a.AutowiredAnnotationBeanPostProcessor
                -JSR-330 'javax.inject.Inject' annotation found and supported for autowiring
2019-05-21 19:24:15.482 [main] INFO  o.s.c.s.PostProcessorRegistrationDelegate$BeanPostProcessorChecker
                -Bean 'configurationPropertiesRebinderAutoConfiguration' of type [class org.springframework.cloud.autoconfigure.ConfigurationPropertiesRebinderAutoConfiguration$$EnhancerBySpringCGLIB$$69b44b99] is not eligible for getting processed by all BeanPostProcessors (for example: not eligible for auto-proxying)
2019-05-21 19:24:39.643 [main] INFO  o.s.c.a.AnnotationConfigApplicationContext
                -Refreshing org.springframework.context.annotation.AnnotationConfigApplicationContext@56f0cc85: startup date [Tue May 21 19:24:39 CST 2019]; root of context hierarchy
2019-05-21 19:24:40.001 [main] INFO  o.s.b.f.a.AutowiredAnnotationBeanPostProcessor
                -JSR-330 'javax.inject.Inject' annotation found and supported for autowiring
2019-05-21 19:24:40.044 [main] INFO  o.s.c.s.PostProcessorRegistrationDelegate$BeanPostProcessorChecker
                -Bean 'configurationPropertiesRebinderAutoConfiguration' of type [class org.springframework.cloud.autoconfigure.ConfigurationPropertiesRebinderAutoConfiguration$$EnhancerBySpringCGLIB$$91d1cbee] is not eligible for getting processed by all BeanPostProcessors (for example: not eligible for auto-proxying)
2019-05-21 19:25:08.982 [main] INFO  o.s.c.a.AnnotationConfigApplicationContext
                -Refreshing org.springframework.context.annotation.AnnotationConfigApplicationContext@42721fe: startup date [Tue May 21 19:25:08 CST 2019]; root of context hierarchy
2019-05-21 19:25:09.347 [main] INFO  o.s.b.f.a.AutowiredAnnotationBeanPostProcessor
                -JSR-330 'javax.inject.Inject' annotation found and supported for autowiring
2019-05-21 19:25:09.426 [main] INFO  o.s.c.s.PostProcessorRegistrationDelegate$BeanPostProcessorChecker
                -Bean 'configurationPropertiesRebinderAutoConfiguration' of type [class org.springframework.cloud.autoconfigure.ConfigurationPropertiesRebinderAutoConfiguration$$EnhancerBySpringCGLIB$$db614e2d] is not eligible for getting processed by all BeanPostProcessors (for example: not eligible for auto-proxying)
2019-05-21 19:25:17.879 [main] INFO  o.s.c.a.AnnotationConfigApplicationContext
                -Refreshing org.springframework.context.annotation.AnnotationConfigApplicationContext@56f0cc85: startup date [Tue May 21 19:25:17 CST 2019]; root of context hierarchy
2019-05-21 19:25:18.453 [main] INFO  o.s.b.f.a.AutowiredAnnotationBeanPostProcessor
                -JSR-330 'javax.inject.Inject' annotation found and supported for autowiring
2019-05-21 19:25:18.506 [main] INFO  o.s.c.s.PostProcessorRegistrationDelegate$BeanPostProcessorChecker
                -Bean 'configurationPropertiesRebinderAutoConfiguration' of type [class org.springframework.cloud.autoconfigure.ConfigurationPropertiesRebinderAutoConfiguration$$EnhancerBySpringCGLIB$$40a9941] is not eligible for getting processed by all BeanPostProcessors (for example: not eligible for auto-proxying)
2019-05-21 19:25:25.055 [main] INFO  o.s.c.a.AnnotationConfigApplicationContext
                -Refreshing org.springframework.context.annotation.AnnotationConfigApplicationContext@130dca52: startup date [Tue May 21 19:25:25 CST 2019]; root of context hierarchy
2019-05-21 19:25:25.584 [main] INFO  o.s.b.f.a.AutowiredAnnotationBeanPostProcessor
                -JSR-330 'javax.inject.Inject' annotation found and supported for autowiring
2019-05-21 19:25:25.656 [main] INFO  o.s.c.s.PostProcessorRegistrationDelegate$BeanPostProcessorChecker
                -Bean 'configurationPropertiesRebinderAutoConfiguration' of type [class org.springframework.cloud.autoconfigure.ConfigurationPropertiesRebinderAutoConfiguration$$EnhancerBySpringCGLIB$$d4b899b2] is not eligible for getting processed by all BeanPostProcessors (for example: not eligible for auto-proxying)
2019-05-21 19:25:40.568 [main] INFO  o.s.c.a.AnnotationConfigApplicationContext
                -Refreshing org.springframework.context.annotation.AnnotationConfigApplicationContext@2cc44ad: startup date [Tue May 21 19:25:40 CST 2019]; root of context hierarchy
2019-05-21 19:25:41.008 [main] INFO  o.s.b.f.a.AutowiredAnnotationBeanPostProcessor
                -JSR-330 'javax.inject.Inject' annotation found and supported for autowiring
2019-05-21 19:25:41.091 [main] INFO  o.s.c.s.PostProcessorRegistrationDelegate$BeanPostProcessorChecker
                -Bean 'configurationPropertiesRebinderAutoConfiguration' of type [class org.springframework.cloud.autoconfigure.ConfigurationPropertiesRebinderAutoConfiguration$$EnhancerBySpringCGLIB$$1a06da1f] is not eligible for getting processed by all BeanPostProcessors (for example: not eligible for auto-proxying)
2019-05-21 19:26:00.396 [main] INFO  o.s.c.a.AnnotationConfigApplicationContext
                -Refreshing org.springframework.context.annotation.AnnotationConfigApplicationContext@7c1e2a2d: startup date [Tue May 21 19:26:00 CST 2019]; root of context hierarchy
2019-05-21 19:26:00.770 [main] INFO  o.s.b.f.a.AutowiredAnnotationBeanPostProcessor
                -JSR-330 'javax.inject.Inject' annotation found and supported for autowiring
2019-05-21 19:26:00.823 [main] INFO  o.s.c.s.PostProcessorRegistrationDelegate$BeanPostProcessorChecker
                -Bean 'configurationPropertiesRebinderAutoConfiguration' of type [class org.springframework.cloud.autoconfigure.ConfigurationPropertiesRebinderAutoConfiguration$$EnhancerBySpringCGLIB$$6daa3825] is not eligible for getting processed by all BeanPostProcessors (for example: not eligible for auto-proxying)
